<?xml version="1.0" encoding="UTF-8"?>
<!-- Generated by org.testng.reporters.JUnitXMLReporter -->
<testsuite hostname="Mitt-Tulsis-MBP.lan1" ignored="2" name="Default test" tests="1" failures="0" timestamp="2020-02-07T22:09:47 CST" time="0.029" errors="0">
  <testcase name="testPrototype" time="0.008" classname="com.mitt.test.UserForCreational"/>
  <testcase name="testSingleton" time="0.0" classname="com.mitt.test.UserForCreational">
    <ignored/>
  </testcase> <!-- testSingleton -->
  <testcase name="testAbstractFactory" time="0.0" classname="com.mitt.test.UserForCreational">
    <ignored/>
  </testcase> <!-- testAbstractFactory -->
</testsuite> <!-- Default test -->
