<?xml version="1.0" encoding="UTF-8"?>
<testng-results skipped="0" failed="0" ignored="2" total="3" passed="1">
  <reporter-output>
  </reporter-output>
  <suite name="Default suite" duration-ms="29" started-at="2020-02-07T22:09:47 CST" finished-at="2020-02-07T22:09:47 CST">
    <groups>
    </groups>
    <test name="Default test" duration-ms="29" started-at="2020-02-07T22:09:47 CST" finished-at="2020-02-07T22:09:47 CST">
      <class name="com.mitt.test.UserForCreational">
        <test-method status="PASS" signature="testPrototype()[pri:0, instance:com.mitt.test.UserForCreational@4b4523f8]" name="testPrototype" duration-ms="8" started-at="2020-02-07T22:09:47 CST" finished-at="2020-02-07T22:09:47 CST">
          <reporter-output>
          </reporter-output>
        </test-method> <!-- testPrototype -->
      </class> <!-- com.mitt.test.UserForCreational -->
    </test> <!-- Default test -->
  </suite> <!-- Default suite -->
</testng-results>
