<?xml version="1.0" encoding="UTF-8"?>
<testng-results skipped="0" failed="0" ignored="0" total="1" passed="1">
  <reporter-output>
  </reporter-output>
  <suite name="Default suite" duration-ms="29" started-at="2020-02-06T21:56:22 CST" finished-at="2020-02-06T21:56:22 CST">
    <groups>
    </groups>
    <test name="Default test" duration-ms="29" started-at="2020-02-06T21:56:22 CST" finished-at="2020-02-06T21:56:22 CST">
      <class name="com.mitt.test.User">
        <test-method status="PASS" signature="testAbstractFactory()[pri:0, instance:com.mitt.test.User@4b4523f8]" name="testAbstractFactory" duration-ms="8" started-at="2020-02-06T21:56:22 CST" finished-at="2020-02-06T21:56:22 CST">
          <reporter-output>
          </reporter-output>
        </test-method> <!-- testAbstractFactory -->
      </class> <!-- com.mitt.test.User -->
    </test> <!-- Default test -->
  </suite> <!-- Default suite -->
</testng-results>
